[01:12:06] [ServerMain/INFO]: [bootstrap] Running Java 21 (OpenJDK 64-Bit Server VM 21.0.5+11-Ubuntu-1ubuntu120.04; Ubuntu null) on Linux 6.5.0-1025-azure (amd64)
[01:12:06] [ServerMain/INFO]: [bootstrap] Loading Paper 1.21.3-63-master@4190ee7 (2024-11-25T18:59:19Z) for Minecraft 1.21.3
[01:12:06] [ServerMain/INFO]: [PluginInitializerManager] Initializing plugins...
[01:12:06] [ServerMain/INFO]: [PluginInitializerManager] Initialized 0 plugins
[01:12:07] [Paper Plugin Remapper Thread - 1/INFO]: [ReobfServer] Remapping server...
[01:12:13] [ServerMain/INFO]: Environment: Environment[sessionHost=https://sessionserver.mojang.com, servicesHost=https://api.minecraftservices.com, name=PROD]
[01:12:13] [ServerMain/INFO]: Found new data pack file/bukkit, loading it automatically
[01:12:13] [ServerMain/INFO]: Found new data pack paper, loading it automatically
[01:12:14] [ServerMain/INFO]: No existing world data, creating new world
[01:12:15] [Paper Plugin Remapper Thread - 1/INFO]: [ReobfServer] Done remapping server in 8747ms.
[01:12:16] [ServerMain/INFO]: Loaded 1337 recipes
[01:12:16] [ServerMain/INFO]: Loaded 1448 advancements
[01:12:16] [Server thread/INFO]: Starting minecraft server version 1.21.3
[01:12:16] [Server thread/INFO]: Loading properties
[01:12:16] [Server thread/INFO]: This server is running Paper version 1.21.3-63-master@4190ee7 (2024-11-25T18:59:19Z) (Implementing API version 1.21.3-R0.1-SNAPSHOT)
[01:12:17] [Server thread/INFO]: [spark] This server bundles the spark profiler. For more information please visit https://docs.papermc.io/paper/profiling
[01:12:17] [Server thread/INFO]: Server Ping Player Sample Count: 12
[01:12:17] [Server thread/INFO]: Using 4 threads for Netty based IO
[01:12:17] [Server thread/INFO]: [MoonriseCommon] Paper is using 1 worker threads, 1 I/O threads
[01:12:17] [Server thread/INFO]: [ChunkTaskScheduler] Chunk system is using population gen parallelism: true
[01:12:18] [Server thread/INFO]: Default game type: SURVIVAL
[01:12:18] [Server thread/INFO]: Generating keypair
[01:12:18] [Server thread/INFO]: Starting Minecraft server on *:25565
[01:12:18] [Server thread/INFO]: Using epoll channel type
[01:12:18] [Server thread/INFO]: Paper: Using libdeflate (Linux x86_64) compression from Velocity.
[01:12:18] [Server thread/INFO]: Paper: Using OpenSSL 1.1.x (Linux x86_64) cipher from Velocity.
[01:12:18] [Server thread/WARN]: **** SERVER IS RUNNING IN OFFLINE/INSECURE MODE!
[01:12:18] [Server thread/WARN]: The server will make no attempt to authenticate usernames. Beware.
[01:12:18] [Server thread/WARN]: While this makes the game possible to play without internet access, it also opens up the ability for hackers to connect with any username they choose.
[01:12:18] [Server thread/WARN]: To change this, set "online-mode" to "true" in the server.properties file.
[01:12:18] [Server thread/INFO]: Preparing level "world"
[01:12:23] [Paper Common Worker #0/INFO]: [MCTypeRegistry] Initialising converters for DataConverter...
[01:12:24] [Paper Common Worker #0/INFO]: [MCTypeRegistry] Finished initialising converters for DataConverter in 260.3ms
[01:12:28] [Server thread/INFO]: Preparing start region for dimension minecraft:overworld
[01:12:28] [Server thread/INFO]: Preparing spawn area: 2%
[01:12:28] [Server thread/INFO]: Preparing spawn area: 2%
[01:12:29] [Server thread/INFO]: Preparing spawn area: 2%
[01:12:29] [Server thread/INFO]: Preparing spawn area: 2%
[01:12:30] [Server thread/INFO]: Preparing spawn area: 18%
[01:12:30] [Server thread/INFO]: Preparing spawn area: 18%
[01:12:31] [Server thread/INFO]: Preparing spawn area: 18%
[01:12:31] [Server thread/INFO]: Preparing spawn area: 40%
[01:12:32] [Server thread/INFO]: Preparing spawn area: 51%
[01:12:32] [Server thread/INFO]: Preparing spawn area: 69%
[01:12:33] [Server thread/INFO]: Preparing spawn area: 81%
[01:12:33] [Server thread/INFO]: Time elapsed: 5197 ms
[01:12:33] [Server thread/INFO]: Preparing start region for dimension minecraft:the_nether
[01:12:33] [Server thread/INFO]: Preparing spawn area: 2%
[01:12:33] [Server thread/INFO]: Preparing spawn area: 12%
[01:12:34] [Server thread/INFO]: Preparing spawn area: 24%
[01:12:34] [Server thread/INFO]: Preparing spawn area: 65%
[01:12:35] [Server thread/INFO]: Time elapsed: 1818 ms
[01:12:35] [Server thread/INFO]: Preparing start region for dimension minecraft:the_end
[01:12:35] [Server thread/INFO]: Preparing spawn area: 2%
[01:12:35] [Server thread/INFO]: Time elapsed: 492 ms
[01:12:35] [Server thread/INFO]: [spark] Starting background profiler...
[01:12:35] [Server thread/INFO]: Done preparing level "world" (17.660s)
[01:12:35] [Server thread/INFO]: Running delayed init tasks
[01:12:35] [Server thread/INFO]: Done (30.297s)! For help, type "help"
[01:12:35] [Server thread/INFO]: *************************************************************************************
[01:12:35] [Server thread/INFO]: This is the first time you're starting this server.
[01:12:35] [Server thread/INFO]: It's recommended you read our 'Getting Started' documentation for guidance.
[01:12:35] [Server thread/INFO]: View this and more helpful information here: https://docs.papermc.io/paper/next-steps
[01:12:35] [Server thread/INFO]: *************************************************************************************
[01:16:19] [User Authenticator #0/INFO]: UUID of player Zhinn13 is d22ed2a0-abf8-3c45-ac06-c520e9a90a5e
[01:16:20] [Server thread/INFO]: Zhinn13 joined the game
[01:16:20] [Server thread/INFO]: Zhinn13[/127.159.110.59:53885] logged in with entity id 49 at ([world]-311.5, 69.0, -15.5)
[01:16:26] [Server thread/INFO]: Made Zhinn13 a server operator
[01:16:30] [Server thread/INFO]: Zhinn13 issued server command: /gamemode creative
[01:16:30] [Server thread/INFO]: [Zhinn13: Set own game mode to Creative Mode]
[01:16:41] [Server thread/INFO]: Zhinn13 issued server command: /plugins
[01:16:44] [Async Chat Thread - #1/INFO]: [Not Secure] <Zhinn13> 7
[01:16:47] [Server thread/INFO]: Zhinn13 issued server command: /version
[01:17:10] [Server thread/INFO]: Zhinn13 lost connection: Disconnected
[01:17:10] [Server thread/INFO]: Zhinn13 left the game
